\BOOKMARK [1][-]{section.1}{Introduction}{}% 1
\BOOKMARK [1][-]{section.2}{Algorithms presentation}{}% 2
\BOOKMARK [2][-]{subsection.2.1}{LCS}{section.2}% 3
\BOOKMARK [3][-]{subsubsection.2.1.1}{Dynamic programming}{subsection.2.1}% 4
\BOOKMARK [3][-]{subsubsection.2.1.2}{Divide and Conquer}{subsection.2.1}% 5
\BOOKMARK [3][-]{subsubsection.2.1.3}{Recursive}{subsection.2.1}% 6
\BOOKMARK [3][-]{subsubsection.2.1.4}{LCS Branch and bound}{subsection.2.1}% 7
\BOOKMARK [2][-]{subsection.2.2}{Printing Neatly}{section.2}% 8
\BOOKMARK [1][-]{section.3}{Preprocessing techniques}{}% 9
\BOOKMARK [2][-]{subsection.3.1}{Light Preprocessing}{section.3}% 10
\BOOKMARK [2][-]{subsection.3.2}{Advanced Preprocessing}{section.3}% 11
\BOOKMARK [1][-]{section.4}{Graphical User Interface}{}% 12
\BOOKMARK [2][-]{subsection.4.1}{Plagiarism detector}{section.4}% 13
\BOOKMARK [2][-]{subsection.4.2}{Data table}{section.4}% 14
\BOOKMARK [2][-]{subsection.4.3}{Graphs}{section.4}% 15
\BOOKMARK [1][-]{section.5}{Experimental study}{}% 16
\BOOKMARK [2][-]{subsection.5.1}{Time complexity}{section.5}% 17
\BOOKMARK [2][-]{subsection.5.2}{Runtime analysis}{section.5}% 18
\BOOKMARK [3][-]{subsubsection.5.2.1}{LCS}{subsection.5.2}% 19
\BOOKMARK [3][-]{subsubsection.5.2.2}{Printing Neatly}{subsection.5.2}% 20
\BOOKMARK [2][-]{subsection.5.3}{Space complexity}{section.5}% 21
\BOOKMARK [2][-]{subsection.5.4}{Outliers}{section.5}% 22
\BOOKMARK [2][-]{subsection.5.5}{Scalability}{section.5}% 23
\BOOKMARK [1][-]{section.6}{Plagiarism Detector}{}% 24
\BOOKMARK [1][-]{section.7}{Project planning \046 difficulties}{}% 25
\BOOKMARK [1][-]{section.8}{Conclusion}{}% 26
\BOOKMARK [1][-]{section.9}{References}{}% 27
\BOOKMARK [1][-]{section*.46}{Appendices}{}% 28
